10:21:21  INFO      main                  Config chargée : C:\Users\User-lab\Documents\ProjetsCode\AppTestPython\files\config.yaml
10:21:21  WARNING   main                  [OPTIONNEL] pyrtcm absent — Optionnel — décodage RTCM amélioré
10:21:21  INFO      rtcm_decoder          RtcmDecoder initialisé — mode : décodeur interne
10:21:23  INFO      vrs_engine            RTKLIB disponible ✓
10:21:23  INFO      main                  ═══ Démarrage NRTK — mode HYBRIDE ═══
10:21:23  INFO      main                  Capteur mock démarré
10:21:23  INFO      ntrip_client          [81] Connexion à crtk.net:2101/OUIL
10:21:23  INFO      main                  NTRIP démarré : 81 → crtk.net:2101/OUIL
10:21:23  INFO      ntrip_client          [1220] Connexion à crtk.net:2101/IPGP
10:21:23  INFO      main                  NTRIP démarré : 1220 → crtk.net:2101/IPGP
10:21:23  INFO      ntrip_client          [825] Connexion à crtk.net:2101/RICE
10:21:23  INFO      main                  NTRIP démarré : 825 → crtk.net:2101/RICE
10:21:23  INFO      ntrip_client          [383] Connexion à crtk.net:2101/GEODATA2
10:21:23  INFO      main                  NTRIP démarré : 383 → crtk.net:2101/GEODATA2
10:21:23  INFO      ntrip_client          [351] Connexion à crtk.net:2101/CDFX
10:21:23  INFO      main                  NTRIP démarré : 351 → crtk.net:2101/CDFX
10:21:23  INFO      main                  [NONE  ] Lat=+48.83000012  Lon=+2.36999995  Alt=+41.982m  σH=999.000m  Bases=0  Sats=0
10:21:23  INFO      ui                    [NONE  ] Lat=+48.83000012  Lon=+2.36999995  Alt=+41.982m  σH=999.000m  Bases=0  Sats=0
10:21:23  INFO      main                  Moteur VRS démarré
10:21:23  INFO      ui                    Démarrage (HYBRIDE) — 5 bases NTRIP
10:21:23  INFO      ui                    Interface démarrée — en attente de données…
10:21:24  INFO      main                  [NONE  ] Lat=+48.82999953  Lon=+2.37000023  Alt=+42.086m  σH=999.000m  Bases=0  Sats=0
10:21:24  INFO      ui                    [NONE  ] Lat=+48.82999953  Lon=+2.37000023  Alt=+42.086m  σH=999.000m  Bases=0  Sats=0
10:21:25  INFO      main                  [NONE  ] Lat=+48.83000015  Lon=+2.37000003  Alt=+41.965m  σH=999.000m  Bases=0  Sats=0
10:21:25  INFO      ui                    [NONE  ] Lat=+48.83000015  Lon=+2.37000003  Alt=+41.965m  σH=999.000m  Bases=0  Sats=0
10:21:25  INFO      main                  Arrêt des composants…
10:21:25  INFO      main                  Arrêt terminé.
10:21:31  INFO      main                  NTRIP statut 81 : non connecté
10:21:31  INFO      main                  NTRIP statut 1220 : non connecté
10:21:31  INFO      main                  NTRIP statut 825 : non connecté
10:21:31  INFO      main                  NTRIP statut 383 : non connecté
10:21:31  INFO      main                  NTRIP statut 351 : non connecté
